2025-10-03 12:09:00 | DEBUG | repo=pv243-a4m36jee-2018-security-seminar | action=commit
2025-09-15 08:50:00 | INFO | repo=pv243-a4m36jee-2018-security-seminar | action=commit
2025-06-28 10:19:00 | DEBUG | repo=pv243-a4m36jee-2018-security-seminar | action=commit
2025-10-05 15:55:00 | WARN | repo=pv243-a4m36jee-2018-security-seminar | action=commit
2025-10-14 20:00:00 | INFO | repo=pv243-a4m36jee-2018-security-seminar | action=commit
2025-06-05 19:14:00 | WARN | repo=pv243-a4m36jee-2018-security-seminar | action=commit
2025-04-21 16:26:00 | DEBUG | repo=pv243-a4m36jee-2018-security-seminar | action=edit | files=1
2025-12-20 21:00:00 | DEBUG | repo=pv243-a4m36jee-2018-security-seminar | action=commit
2025-03-17 10:51:00 | DEBUG | repo=pv243-a4m36jee-2018-security-seminar | action=commit
2025-08-10 17:41:00 | INFO | repo=pv243-a4m36jee-2018-security-seminar | action=commit
2025-09-19 18:24:00 | INFO | repo=pv243-a4m36jee-2018-security-seminar | action=pull
2025-09-01 18:19:00 | INFO | repo=pv243-a4m36jee-2018-security-seminar | action=commit
2025-04-10 18:45:00 | INFO | repo=pv243-a4m36jee-2018-security-seminar | action=edit | files=2
2025-01-07 18:14:00 | DEBUG | repo=pv243-a4m36jee-2018-security-seminar | action=test | passed=true
2025-05-12 07:28:00 | DEBUG | repo=pv243-a4m36jee-2018-security-seminar | action=commit
2025-10-21 21:11:00 | INFO | repo=pv243-a4m36jee-2018-security-seminar | action=commit
2025-06-13 07:55:00 | WARN | repo=pv243-a4m36jee-2018-security-seminar | action=commit
2025-10-16 08:54:00 | INFO | repo=pv243-a4m36jee-2018-security-seminar | action=commit
2025-01-04 09:04:00 | WARN | repo=pv243-a4m36jee-2018-security-seminar | action=pull
2025-04-09 10:48:00 | WARN | repo=pv243-a4m36jee-2018-security-seminar | action=commit
2025-09-13 07:47:00 | INFO | repo=pv243-a4m36jee-2018-security-seminar | action=commit
2025-03-25 15:28:00 | WARN | repo=pv243-a4m36jee-2018-security-seminar | action=commit
2025-09-22 18:44:00 | INFO | repo=pv243-a4m36jee-2018-security-seminar | action=commit
2025-07-04 15:08:00 | WARN | repo=pv243-a4m36jee-2018-security-seminar | action=edit | files=1
2025-12-16 21:58:00 | DEBUG | repo=pv243-a4m36jee-2018-security-seminar | action=edit | files=5
2025-12-08 15:30:00 | DEBUG | repo=pv243-a4m36jee-2018-security-seminar | action=commit
2025-09-04 08:55:00 | INFO | repo=pv243-a4m36jee-2018-security-seminar | action=commit
2025-08-13 13:06:00 | WARN | repo=pv243-a4m36jee-2018-security-seminar | action=test | passed=true
2025-10-28 07:59:00 | DEBUG | repo=pv243-a4m36jee-2018-security-seminar | action=commit
2025-06-11 18:21:00 | INFO | repo=pv243-a4m36jee-2018-security-seminar | action=commit
2025-08-14 07:36:00 | INFO | repo=pv243-a4m36jee-2018-security-seminar | action=commit
2025-06-05 07:14:00 | INFO | repo=pv243-a4m36jee-2018-security-seminar | action=commit
2025-12-07 18:51:00 | INFO | repo=pv243-a4m36jee-2018-security-seminar | action=test | passed=true
2025-05-02 14:33:00 | WARN | repo=pv243-a4m36jee-2018-security-seminar | action=edit | files=1
2025-12-11 13:24:00 | DEBUG | repo=pv243-a4m36jee-2018-security-seminar | action=edit | files=1
2025-04-09 12:29:00 | WARN | repo=pv243-a4m36jee-2018-security-seminar | action=commit
2025-05-27 08:08:00 | INFO | repo=pv243-a4m36jee-2018-security-seminar | action=commit
2025-03-06 21:02:00 | DEBUG | repo=pv243-a4m36jee-2018-security-seminar | action=pull
2025-01-23 15:15:00 | INFO | repo=pv243-a4m36jee-2018-security-seminar | action=pull
2025-05-07 07:45:00 | INFO | repo=pv243-a4m36jee-2018-security-seminar | action=edit | files=5
2025-05-02 08:37:00 | INFO | repo=pv243-a4m36jee-2018-security-seminar | action=commit
2025-05-01 12:37:00 | WARN | repo=pv243-a4m36jee-2018-security-seminar | action=commit
2025-02-09 14:31:00 | WARN | repo=pv243-a4m36jee-2018-security-seminar | action=commit
2025-03-22 19:09:00 | WARN | repo=pv243-a4m36jee-2018-security-seminar | action=commit
2025-06-10 10:04:00 | DEBUG | repo=pv243-a4m36jee-2018-security-seminar | action=commit
2025-11-07 13:06:00 | INFO | repo=pv243-a4m36jee-2018-security-seminar | action=pull
2025-11-01 18:27:00 | DEBUG | repo=pv243-a4m36jee-2018-security-seminar | action=edit | files=1
2025-01-26 18:25:00 | WARN | repo=pv243-a4m36jee-2018-security-seminar | action=commit
2025-10-23 17:40:00 | WARN | repo=pv243-a4m36jee-2018-security-seminar | action=commit
2025-06-27 14:07:00 | DEBUG | repo=pv243-a4m36jee-2018-security-seminar | action=commit
2025-08-21 13:57:00 | WARN | repo=pv243-a4m36jee-2018-security-seminar | action=commit
2025-04-13 09:16:00 | WARN | repo=pv243-a4m36jee-2018-security-seminar | action=test | passed=true
2025-04-23 14:33:00 | INFO | repo=pv243-a4m36jee-2018-security-seminar | action=edit | files=1
2025-07-12 18:36:00 | DEBUG | repo=pv243-a4m36jee-2018-security-seminar | action=pull
2025-04-18 18:09:00 | WARN | repo=pv243-a4m36jee-2018-security-seminar | action=commit
2025-10-04 07:52:00 | WARN | repo=pv243-a4m36jee-2018-security-seminar | action=commit
2025-05-26 15:38:00 | WARN | repo=pv243-a4m36jee-2018-security-seminar | action=pull
2025-06-24 19:13:00 | INFO | repo=pv243-a4m36jee-2018-security-seminar | action=commit
2025-05-16 11:06:00 | WARN | repo=pv243-a4m36jee-2018-security-seminar | action=commit
2025-06-20 08:52:00 | DEBUG | repo=pv243-a4m36jee-2018-security-seminar | action=commit
2025-11-10 07:31:00 | WARN | repo=pv243-a4m36jee-2018-security-seminar | action=edit | files=3
2025-12-15 09:40:00 | DEBUG | repo=pv243-a4m36jee-2018-security-seminar | action=commit
2025-01-27 07:00:00 | WARN | repo=pv243-a4m36jee-2018-security-seminar | action=commit
